Arguments: 
  /usr/local/bin/node /usr/local/bin/yarn add q

PATH: 
  /Users/wassimchegham/Downloads/emsdk_portable/emscripten/1.35.0:/Users/wassimchegham/Downloads/emsdk_portable:/Users/wassimchegham/Sandbox/sdk/go_appengine:/Users/wassimchegham/Sandbox/sdk/google-cloud-sdk/bin:/usr/local/bin:/usr/bin:/bin:/usr/sbin:/sbin:/Users/wassimchegham/Library/Android/sdk/platform-tools:/Users/wassimchegham/Library/Android/sdk/tools

Yarn version: 
  0.16.1

Node version: 
  6.9.1

Platform: 
  darwin x64

npm manifest: 
  {
    "name": "@compodoc/ngd-compiler",
    "version": "2.0.0",
    "description": "A compiler for @compodoc/ngd",
    "main": "dist/index.js",
    "scripts": {
      "pretest": "npm run compile:src && npm run compile:tests",
      "test": "mocha --opts test/mocha.opts",
      "compile:tests": "tsc -p test/tsconfig-test.json",
      "compile:src": "tsc --newLine LF",
      "prepublish": "npm run compile:src && npm test",
      "deploy": "npm run compile:src && npm publish"
    },
    "homepage": "https://github.com/compodoc/ngd-compiler",
    "bugs": "https://github.com/compodoc/ngd-compiler/issues",
    "author": "Wassim CHEGHAM",
    "engines": {
      "node": ">= 5.4.1"
    },
    "contributors": [
      "vogloblinsky"
    ],
    "repository": {
      "type": "git",
      "url": "https://github.com/compodoc/ngd-compiler.git"
    },
    "private": false,
    "license": "MIT",
    "dependencies": {
      "typescript": "2.0.0",
      "@compodoc/ngd-core": "2.0.0"
    },
    "devDependencies": {
      "@types/typescript": "0.4.29",
      "@types/chai": "3.4.34",
      "@types/mocha": "2.2.32",
      "@types/node": "6.0.39",
      "chai": "3.5.0",
      "mocha": "3.1.2"
    }
  }

yarn manifest: 
  No manifest

bower manifest: 
  No manifest

Lockfile: 
  No lockfile

Trace: 
  Error: https://registry.yarnpkg.com/@compodoc%2fngd-core: Not found
      at Request.params.callback [as _callback] (/usr/local/lib/node_modules/yarn/lib/util/request-manager.js:294:18)
      at Request.self.callback (/usr/local/lib/node_modules/yarn/node_modules/request/request.js:186:22)
      at emitTwo (events.js:106:13)
      at Request.emit (events.js:191:7)
      at Request.<anonymous> (/usr/local/lib/node_modules/yarn/node_modules/request/request.js:1060:10)
      at emitOne (events.js:96:13)
      at Request.emit (events.js:188:7)
      at IncomingMessage.<anonymous> (/usr/local/lib/node_modules/yarn/node_modules/request/request.js:980:12)
      at IncomingMessage.g (events.js:291:16)
      at emitNone (events.js:91:20)
